time="2022-06-15T14:40:05.340Z" level=info msg=Authorized func="dislinkt/user_service/auth.(*AuthInterceptor).authorize" file="C:/Users/Mirko/Documents/GitHub/XWS-BSEP/Backend/user_service/auth/auth_interceptor.go:101"
time="2022-06-15T14:40:05.429Z" level=info msg="User updated" func=dislinkt/user_service/infrastructure/api.UserHandler.Update file="C:/Users/Mirko/Documents/GitHub/XWS-BSEP/Backend/user_service/infrastructure/api/user_grpc_api.go:187" id=62a9d308df98922ae4c2a0b8
time="2022-06-15T14:48:45.018Z" level=info msg="User logged in" func="dislinkt/user_service/infrastructure/api.(*UserHandler).Login" file="C:/Users/Mirko/Documents/GitHub/XWS-BSEP/Backend/user_service/infrastructure/api/user_grpc_api.go:215"
time="2022-06-15T18:41:54.994Z" level=info msg="User logged in" func="dislinkt/user_service/infrastructure/api.(*UserHandler).Login" file="C:/Users/Mirko/Documents/GitHub/XWS-BSEP/Backend/user_service/infrastructure/api/user_grpc_api.go:214"
time="2022-06-16T16:02:50.029Z" level=info msg="User registered" func=dislinkt/user_service/infrastructure/api.UserHandler.Register file="C:/Users/radis/OneDrive/Desktop/XWS-BSEP/Backend/user_service/infrastructure/api/user_grpc_api.go:250"
time="2022-06-16T16:04:07.229Z" level=info msg="Successfuly activated account" func=dislinkt/user_service/infrastructure/api.UserHandler.ActivateAccount file="C:/Users/radis/OneDrive/Desktop/XWS-BSEP/Backend/user_service/infrastructure/api/user_grpc_api.go:265"
time="2022-06-16T16:04:44.330Z" level=info msg="User registered" func=dislinkt/user_service/infrastructure/api.UserHandler.Register file="C:/Users/radis/OneDrive/Desktop/XWS-BSEP/Backend/user_service/infrastructure/api/user_grpc_api.go:250"
time="2022-06-16T16:06:18.023Z" level=info msg="Successfuly recover account demand" func=dislinkt/user_service/infrastructure/api.UserHandler.RecoverAccountDemand file="C:/Users/radis/OneDrive/Desktop/XWS-BSEP/Backend/user_service/infrastructure/api/user_grpc_api.go:321"
time="2022-06-16T16:09:33.778Z" level=info msg="Recovery account success" func=dislinkt/user_service/infrastructure/api.UserHandler.RecoverAccount file="C:/Users/radis/OneDrive/Desktop/XWS-BSEP/Backend/user_service/infrastructure/api/user_grpc_api.go:340"
time="2022-06-16T16:14:00.199Z" level=info msg="User registered" func=dislinkt/user_service/infrastructure/api.UserHandler.Register file="C:/Users/radis/OneDrive/Desktop/XWS-BSEP/Backend/user_service/infrastructure/api/user_grpc_api.go:250"
time="2022-06-16T16:15:16.177Z" level=info msg="Successfuly activated account" func=dislinkt/user_service/infrastructure/api.UserHandler.ActivateAccount file="C:/Users/radis/OneDrive/Desktop/XWS-BSEP/Backend/user_service/infrastructure/api/user_grpc_api.go:265"
time="2022-06-16T16:16:08.107Z" level=info msg="Successfuly passworldess login demand" func=dislinkt/user_service/infrastructure/api.UserHandler.PasswordlessLoginDemand file="C:/Users/radis/OneDrive/Desktop/XWS-BSEP/Backend/user_service/infrastructure/api/user_grpc_api.go:277"
time="2022-06-16T16:17:30.739Z" level=info msg="User passwordless logged" func=dislinkt/user_service/infrastructure/api.UserHandler.PasswordlessLogin file="C:/Users/radis/OneDrive/Desktop/XWS-BSEP/Backend/user_service/infrastructure/api/user_grpc_api.go:305"
time="2022-06-16T16:19:16.030Z" level=info msg="Successfuly passworldess login demand" func=dislinkt/user_service/infrastructure/api.UserHandler.PasswordlessLoginDemand file="C:/Users/radis/OneDrive/Desktop/XWS-BSEP/Backend/user_service/infrastructure/api/user_grpc_api.go:277"
time="2022-06-17T18:19:52.544Z" level=info msg="User registered" func=dislinkt/user_service/infrastructure/api.UserHandler.Register file="C:/Users/radis/OneDrive/Desktop/XWS-BSEP/Backend/user_service/infrastructure/api/user_grpc_api.go:250"
time="2022-06-17T18:24:58.991Z" level=info msg="User registered" func=dislinkt/user_service/infrastructure/api.UserHandler.Register file="C:/Users/radis/OneDrive/Desktop/XWS-BSEP/Backend/user_service/infrastructure/api/user_grpc_api.go:250"
time="2022-06-17T18:25:06.030Z" level=info msg="Successfuly activated account" func=dislinkt/user_service/infrastructure/api.UserHandler.ActivateAccount file="C:/Users/radis/OneDrive/Desktop/XWS-BSEP/Backend/user_service/infrastructure/api/user_grpc_api.go:265"
time="2022-06-17T18:26:29.344Z" level=info msg="Successfuly recover account demand" func=dislinkt/user_service/infrastructure/api.UserHandler.RecoverAccountDemand file="C:/Users/radis/OneDrive/Desktop/XWS-BSEP/Backend/user_service/infrastructure/api/user_grpc_api.go:321"
time="2022-06-17T18:31:28.510Z" level=info msg="User registered" func=dislinkt/user_service/infrastructure/api.UserHandler.Register file="C:/Users/radis/OneDrive/Desktop/XWS-BSEP/Backend/user_service/infrastructure/api/user_grpc_api.go:250"
time="2022-06-17T18:31:33.315Z" level=info msg="Successfuly activated account" func=dislinkt/user_service/infrastructure/api.UserHandler.ActivateAccount file="C:/Users/radis/OneDrive/Desktop/XWS-BSEP/Backend/user_service/infrastructure/api/user_grpc_api.go:265"
time="2022-06-17T18:31:54.841Z" level=info msg="User logged in" func="dislinkt/user_service/infrastructure/api.(*UserHandler).Login" file="C:/Users/radis/OneDrive/Desktop/XWS-BSEP/Backend/user_service/infrastructure/api/user_grpc_api.go:214"
time="2022-06-17T18:32:18.356Z" level=info msg="Successfuly recover account demand" func=dislinkt/user_service/infrastructure/api.UserHandler.RecoverAccountDemand file="C:/Users/radis/OneDrive/Desktop/XWS-BSEP/Backend/user_service/infrastructure/api/user_grpc_api.go:321"
time="2022-06-17T18:32:38.631Z" level=info msg="Successfuly passworldess login demand" func=dislinkt/user_service/infrastructure/api.UserHandler.PasswordlessLoginDemand file="C:/Users/radis/OneDrive/Desktop/XWS-BSEP/Backend/user_service/infrastructure/api/user_grpc_api.go:277"
time="2022-06-18T00:50:19.160Z" level=info msg="User logged in" func="dislinkt/user_service/infrastructure/api.(*UserHandler).CheckTwoFactor" file="C:/Users/Brankovic/Desktop/XWS-BSEP/Backend/user_service/infrastructure/api/user_grpc_api.go:258"
time="2022-06-18T01:02:25.428Z" level=info msg="User logged in" func="dislinkt/user_service/infrastructure/api.(*UserHandler).Login" file="C:/Users/Brankovic/Desktop/XWS-BSEP/Backend/user_service/infrastructure/api/user_grpc_api.go:214"
time="2022-06-18T01:03:16.430Z" level=info msg="User logged in" func="dislinkt/user_service/infrastructure/api.(*UserHandler).Login" file="C:/Users/Brankovic/Desktop/XWS-BSEP/Backend/user_service/infrastructure/api/user_grpc_api.go:214"
time="2022-06-18T01:04:49.502Z" level=info msg="User logged in" func="dislinkt/user_service/infrastructure/api.(*UserHandler).Login" file="C:/Users/Brankovic/Desktop/XWS-BSEP/Backend/user_service/infrastructure/api/user_grpc_api.go:214"
time="2022-06-18T01:07:15.682Z" level=info msg="User logged in" func="dislinkt/user_service/infrastructure/api.(*UserHandler).CheckTwoFactor" file="C:/Users/Brankovic/Desktop/XWS-BSEP/Backend/user_service/infrastructure/api/user_grpc_api.go:258"
time="2022-06-18T01:13:34.147Z" level=info msg="User logged in" func="dislinkt/user_service/infrastructure/api.(*UserHandler).CheckTwoFactor" file="C:/Users/Brankovic/Desktop/XWS-BSEP/Backend/user_service/infrastructure/api/user_grpc_api.go:258"
time="2022-06-18T01:14:31.785Z" level=info msg="User logged in" func="dislinkt/user_service/infrastructure/api.(*UserHandler).CheckTwoFactor" file="C:/Users/Brankovic/Desktop/XWS-BSEP/Backend/user_service/infrastructure/api/user_grpc_api.go:258"
time="2022-06-18T01:22:33.459Z" level=info msg="User logged in" func="dislinkt/user_service/infrastructure/api.(*UserHandler).CheckTwoFactor" file="C:/Users/Brankovic/Desktop/XWS-BSEP/Backend/user_service/infrastructure/api/user_grpc_api.go:258"
