time="2022-06-15T14:39:14.378Z" level=info msg="Api gateway started" func=main.main file="C:/Users/Mirko/Documents/GitHub/XWS-BSEP/Backend/api_gateway/main.go:14"
time="2022-06-15T14:43:55.658Z" level=info msg="Api gateway started" func=main.main file="C:/Users/Mirko/Documents/GitHub/XWS-BSEP/Backend/api_gateway/main.go:14"
time="2022-06-15T14:46:04.480Z" level=info msg="Api gateway started" func=main.main file="C:/Users/Mirko/Documents/GitHub/XWS-BSEP/Backend/api_gateway/main.go:14"
time="2022-06-15T18:10:00.581Z" level=info msg="Api gateway started" func=main.main file="C:/Users/Mirko/Documents/GitHub/XWS-BSEP/Backend/api_gateway/main.go:14"
time="2022-06-15T18:10:00.583Z" level=fatal msg="listen tcp :8000: bind: Only one usage of each socket address (protocol/network address/port) is normally permitted." func="dislinkt/api_gateway/startup.(*Server).Start" file="C:/Users/Mirko/Documents/GitHub/XWS-BSEP/Backend/api_gateway/startup/server.go:114"
time="2022-06-15T18:13:03.054Z" level=info msg="Api gateway started" func=main.main file="C:/Users/Mirko/Documents/GitHub/XWS-BSEP/Backend/api_gateway/main.go:14"
time="2022-06-15T18:14:43.116Z" level=info msg="Api gateway started" func=main.main file="C:/Users/Mirko/Documents/GitHub/XWS-BSEP/Backend/api_gateway/main.go:14"
time="2022-06-15T18:31:12.574Z" level=info msg="Api gateway started" func=main.main file="C:/Users/Mirko/Documents/GitHub/XWS-BSEP/Backend/api_gateway/main.go:14"
time="2022-06-15T18:33:33.268Z" level=info msg="Api gateway started" func=main.main file="C:/Users/Mirko/Documents/GitHub/XWS-BSEP/Backend/api_gateway/main.go:14"
time="2022-06-16T15:47:52.900Z" level=info msg="Api gateway started" func=main.main file="C:/Users/radis/OneDrive/Desktop/XWS-BSEP/Backend/api_gateway/main.go:14"
time="2022-06-16T15:57:47.882Z" level=info msg="Api gateway started" func=main.main file="C:/Users/radis/OneDrive/Desktop/XWS-BSEP/Backend/api_gateway/main.go:14"
time="2022-06-16T16:13:13.414Z" level=info msg="Api gateway started" func=main.main file="C:/Users/radis/OneDrive/Desktop/XWS-BSEP/Backend/api_gateway/main.go:14"
time="2022-06-17T18:16:49.812Z" level=info msg="Api gateway started" func=main.main file="C:/Users/radis/OneDrive/Desktop/XWS-BSEP/Backend/api_gateway/main.go:14"
time="2022-06-17T18:24:28.258Z" level=info msg="Api gateway started" func=main.main file="C:/Users/radis/OneDrive/Desktop/XWS-BSEP/Backend/api_gateway/main.go:14"
time="2022-06-17T18:27:44.901Z" level=info msg="Api gateway started" func=main.main file="C:/Users/radis/OneDrive/Desktop/XWS-BSEP/Backend/api_gateway/main.go:14"
time="2022-06-18T00:38:27.442Z" level=info msg="Api gateway started" func=main.main file="C:/Users/Brankovic/Desktop/XWS-BSEP/Backend/api_gateway/main.go:14"
time="2022-06-18T00:39:35.856Z" level=info msg="Api gateway started" func=main.main file="C:/Users/Brankovic/Desktop/XWS-BSEP/Backend/api_gateway/main.go:14"
time="2022-06-18T00:46:02.106Z" level=info msg="Api gateway started" func=main.main file="C:/Users/Brankovic/Desktop/XWS-BSEP/Backend/api_gateway/main.go:14"
time="2022-06-18T00:46:38.614Z" level=info msg="Api gateway started" func=main.main file="C:/Users/Brankovic/Desktop/XWS-BSEP/Backend/api_gateway/main.go:14"
time="2022-06-18T01:12:50.191Z" level=info msg="Api gateway started" func=main.main file="C:/Users/Brankovic/Desktop/XWS-BSEP/Backend/api_gateway/main.go:14"
time="2022-06-18T01:33:59.286Z" level=info msg="Api gateway started" func=main.main file="C:/Users/Brankovic/Desktop/XWS-BSEP/Backend/api_gateway/main.go:14"
time="2022-06-18T01:52:05.574Z" level=info msg="Api gateway started" func=main.main file="C:/Users/Brankovic/Desktop/XWS-BSEP/Backend/api_gateway/main.go:14"
time="2022-06-18T01:59:54.004Z" level=info msg="Api gateway started" func=main.main file="C:/Users/Brankovic/Desktop/XWS-BSEP/Backend/api_gateway/main.go:14"
time="2022-06-30T20:30:00.580Z" level=info msg="Api gateway started" func=main.main file="C:/Users/Brankovic/Desktop/XWS-BSEP/Backend/api_gateway/main.go:14"
time="2022-06-30T23:46:02.360Z" level=info msg="Api gateway started" func=main.main file="C:/Users/Brankovic/Desktop/XWS-BSEP/Backend/api_gateway/main.go:14"
time="2022-07-01T13:01:01.774Z" level=info msg="Api gateway started" func=main.main file="C:/Users/Brankovic/Desktop/XWS-BSEP/Backend/api_gateway/main.go:14"
time="2022-07-08T17:57:55.280Z" level=info msg="Api gateway started" func=main.main file="C:/Users/radis/OneDrive/Desktop/XWS-BSEP/Backend/api_gateway/main.go:14"
time="2022-07-08T18:49:28.233Z" level=info msg="Api gateway started" func=main.main file="C:/Users/radis/OneDrive/Desktop/XWS-BSEP/Backend/api_gateway/main.go:14"
time="2022-07-08T18:51:40.837Z" level=info msg="Api gateway started" func=main.main file="C:/Users/radis/OneDrive/Desktop/XWS-BSEP/Backend/api_gateway/main.go:14"
time="2022-07-08T18:58:04.388Z" level=info msg="Api gateway started" func=main.main file="C:/Users/radis/OneDrive/Desktop/XWS-BSEP/Backend/api_gateway/main.go:14"
time="2022-07-08T19:12:42.192Z" level=info msg="Api gateway started" func=main.main file="C:/Users/radis/OneDrive/Desktop/XWS-BSEP/Backend/api_gateway/main.go:14"
time="2022-07-08T19:12:42.197Z" level=fatal msg="listen tcp :8000: bind: Only one usage of each socket address (protocol/network address/port) is normally permitted." func="dislinkt/api_gateway/startup.(*Server).Start" file="C:/Users/radis/OneDrive/Desktop/XWS-BSEP/Backend/api_gateway/startup/server.go:120"
time="2022-07-08T19:14:05.323Z" level=info msg="Api gateway started" func=main.main file="C:/Users/radis/OneDrive/Desktop/XWS-BSEP/Backend/api_gateway/main.go:14"
time="2022-07-08T19:40:37.361Z" level=info msg="Api gateway started" func=main.main file="C:/Users/radis/OneDrive/Desktop/XWS-BSEP/Backend/api_gateway/main.go:14"
time="2022-07-08T20:03:07.914Z" level=info msg="Api gateway started" func=main.main file="C:/Users/radis/OneDrive/Desktop/XWS-BSEP/Backend/api_gateway/main.go:14"
time="2022-07-08T20:03:07.915Z" level=fatal msg="listen tcp :8000: bind: Only one usage of each socket address (protocol/network address/port) is normally permitted." func="dislinkt/api_gateway/startup.(*Server).Start" file="C:/Users/radis/OneDrive/Desktop/XWS-BSEP/Backend/api_gateway/startup/server.go:121"
time="2022-07-08T20:04:07.179Z" level=info msg="Api gateway started" func=main.main file="C:/Users/radis/OneDrive/Desktop/XWS-BSEP/Backend/api_gateway/main.go:14"
time="2022-07-09T15:33:14.037Z" level=info msg="Api gateway started" func=main.main file="C:/Users/radis/OneDrive/Desktop/XWS-BSEP/Backend/api_gateway/main.go:14"
time="2022-07-09T16:24:58.555Z" level=info msg="Api gateway started" func=main.main file="C:/Users/radis/OneDrive/Desktop/XWS-BSEP/Backend/api_gateway/main.go:14"
time="2022-07-09T16:26:35.157Z" level=info msg="Api gateway started" func=main.main file="C:/Users/radis/OneDrive/Desktop/XWS-BSEP/Backend/api_gateway/main.go:14"
time="2022-07-09T16:27:40.303Z" level=info msg="Api gateway started" func=main.main file="C:/Users/radis/OneDrive/Desktop/XWS-BSEP/Backend/api_gateway/main.go:14"
time="2022-07-09T16:33:31.254Z" level=info msg="Api gateway started" func=main.main file="C:/Users/radis/OneDrive/Desktop/XWS-BSEP/Backend/api_gateway/main.go:14"
time="2022-07-09T18:59:59.859Z" level=info msg="Api gateway started" func=main.main file="C:/Users/radis/OneDrive/Desktop/XWS-BSEP/Backend/api_gateway/main.go:14"
time="2022-07-09T19:21:47.858Z" level=info msg="Api gateway started" func=main.main file="C:/Users/radis/OneDrive/Desktop/XWS-BSEP/Backend/api_gateway/main.go:14"
time="2022-07-09T22:28:45.164Z" level=info msg="Api gateway started" func=main.main file="C:/Users/radis/OneDrive/Desktop/XWS-BSEP/Backend/api_gateway/main.go:14"
time="2022-07-09T22:35:42.197Z" level=info msg="Api gateway started" func=main.main file="C:/Users/radis/OneDrive/Desktop/XWS-BSEP/Backend/api_gateway/main.go:14"
time="2022-07-09T22:52:25.513Z" level=info msg="Api gateway started" func=main.main file="C:/Users/radis/OneDrive/Desktop/XWS-BSEP/Backend/api_gateway/main.go:14"
time="2022-07-09T22:52:25.515Z" level=fatal msg="listen tcp :8000: bind: Only one usage of each socket address (protocol/network address/port) is normally permitted." func="dislinkt/api_gateway/startup.(*Server).Start" file="C:/Users/radis/OneDrive/Desktop/XWS-BSEP/Backend/api_gateway/startup/server.go:121"
time="2022-07-09T22:52:58.763Z" level=info msg="Api gateway started" func=main.main file="C:/Users/radis/OneDrive/Desktop/XWS-BSEP/Backend/api_gateway/main.go:14"
