time="2022-06-15T14:44:41.864Z" level=error msg="Incorect username" func="dislinkt/user_service/infrastructure/api.(*UserHandler).Login" file="C:/Users/Mirko/Documents/GitHub/XWS-BSEP/Backend/user_service/infrastructure/api/user_grpc_api.go:197"
time="2022-06-15T14:44:53.466Z" level=error msg="Incorect password" func="dislinkt/user_service/infrastructure/api.(*UserHandler).Login" file="C:/Users/Mirko/Documents/GitHub/XWS-BSEP/Backend/user_service/infrastructure/api/user_grpc_api.go:205"
time="2022-06-15T14:48:34.981Z" level=error msg="Incorect password" func="dislinkt/user_service/infrastructure/api.(*UserHandler).Login" file="C:/Users/Mirko/Documents/GitHub/XWS-BSEP/Backend/user_service/infrastructure/api/user_grpc_api.go:205"
time="2022-06-16T16:02:11.260Z" level=error msg="Password is not valid: %v<nil>" func=dislinkt/user_service/infrastructure/api.UserHandler.Register file="C:/Users/radis/OneDrive/Desktop/XWS-BSEP/Backend/user_service/infrastructure/api/user_grpc_api.go:227"
time="2022-06-18T01:14:39.712Z" level=error msg="Incorect username" func="dislinkt/user_service/infrastructure/api.(*UserHandler).LoginTwoFactor" file="C:/Users/Brankovic/Desktop/XWS-BSEP/Backend/user_service/infrastructure/api/user_grpc_api.go:221"
time="2022-06-18T01:15:22.217Z" level=error msg="Incorect username" func="dislinkt/user_service/infrastructure/api.(*UserHandler).LoginTwoFactor" file="C:/Users/Brankovic/Desktop/XWS-BSEP/Backend/user_service/infrastructure/api/user_grpc_api.go:221"
time="2022-06-18T01:17:37.007Z" level=error msg="Incorect username" func="dislinkt/user_service/infrastructure/api.(*UserHandler).Login" file="C:/Users/Brankovic/Desktop/XWS-BSEP/Backend/user_service/infrastructure/api/user_grpc_api.go:196"
time="2022-06-18T01:17:40.119Z" level=error msg="Incorect username" func="dislinkt/user_service/infrastructure/api.(*UserHandler).LoginTwoFactor" file="C:/Users/Brankovic/Desktop/XWS-BSEP/Backend/user_service/infrastructure/api/user_grpc_api.go:221"
time="2022-06-18T01:34:55.802Z" level=error msg="Incorect username" func="dislinkt/user_service/infrastructure/api.(*UserHandler).Login" file="C:/Users/Brankovic/Desktop/XWS-BSEP/Backend/user_service/infrastructure/api/user_grpc_api.go:196"
time="2022-06-18T01:34:55.815Z" level=error msg="Incorect username" func="dislinkt/user_service/infrastructure/api.(*UserHandler).LoginTwoFactor" file="C:/Users/Brankovic/Desktop/XWS-BSEP/Backend/user_service/infrastructure/api/user_grpc_api.go:226"
time="2022-06-18T01:36:42.224Z" level=error msg="Incorect password" func="dislinkt/user_service/infrastructure/api.(*UserHandler).Login" file="C:/Users/Brankovic/Desktop/XWS-BSEP/Backend/user_service/infrastructure/api/user_grpc_api.go:204"
time="2022-06-18T01:36:42.322Z" level=error msg="Incorect password" func="dislinkt/user_service/infrastructure/api.(*UserHandler).LoginTwoFactor" file="C:/Users/Brankovic/Desktop/XWS-BSEP/Backend/user_service/infrastructure/api/user_grpc_api.go:234"
time="2022-06-18T01:36:53.342Z" level=error msg="Incorect password" func="dislinkt/user_service/infrastructure/api.(*UserHandler).Login" file="C:/Users/Brankovic/Desktop/XWS-BSEP/Backend/user_service/infrastructure/api/user_grpc_api.go:204"
time="2022-06-18T01:36:53.431Z" level=error msg="Incorect password" func="dislinkt/user_service/infrastructure/api.(*UserHandler).LoginTwoFactor" file="C:/Users/Brankovic/Desktop/XWS-BSEP/Backend/user_service/infrastructure/api/user_grpc_api.go:234"
time="2022-06-18T01:36:59.194Z" level=error msg="Incorect password" func="dislinkt/user_service/infrastructure/api.(*UserHandler).Login" file="C:/Users/Brankovic/Desktop/XWS-BSEP/Backend/user_service/infrastructure/api/user_grpc_api.go:204"
time="2022-06-18T01:36:59.280Z" level=error msg="Incorect password" func="dislinkt/user_service/infrastructure/api.(*UserHandler).LoginTwoFactor" file="C:/Users/Brankovic/Desktop/XWS-BSEP/Backend/user_service/infrastructure/api/user_grpc_api.go:234"
time="2022-06-30T23:58:00.201Z" level=error msg="Incorect username" func="dislinkt/user_service/infrastructure/api.(*UserHandler).Login" file="C:/Users/Brankovic/Desktop/XWS-BSEP/Backend/user_service/infrastructure/api/user_grpc_api.go:196"
time="2022-06-30T23:58:00.215Z" level=error msg="Incorect username" func="dislinkt/user_service/infrastructure/api.(*UserHandler).LoginTwoFactor" file="C:/Users/Brankovic/Desktop/XWS-BSEP/Backend/user_service/infrastructure/api/user_grpc_api.go:226"
time="2022-07-01T00:36:57.477Z" level=error msg="Incorect username" func="dislinkt/user_service/infrastructure/api.(*UserHandler).Login" file="C:/Users/Brankovic/Desktop/XWS-BSEP/Backend/user_service/infrastructure/api/user_grpc_api.go:196"
time="2022-07-01T00:36:57.488Z" level=error msg="Incorect username" func="dislinkt/user_service/infrastructure/api.(*UserHandler).LoginTwoFactor" file="C:/Users/Brankovic/Desktop/XWS-BSEP/Backend/user_service/infrastructure/api/user_grpc_api.go:226"
time="2022-07-01T13:09:36.463Z" level=error msg="Incorect password" func="dislinkt/user_service/infrastructure/api.(*UserHandler).Login" file="C:/Users/Brankovic/Desktop/XWS-BSEP/Backend/user_service/infrastructure/api/user_grpc_api.go:204"
time="2022-07-01T13:09:36.562Z" level=error msg="Incorect password" func="dislinkt/user_service/infrastructure/api.(*UserHandler).LoginTwoFactor" file="C:/Users/Brankovic/Desktop/XWS-BSEP/Backend/user_service/infrastructure/api/user_grpc_api.go:234"
